{
  "stats": {
    "suites": 0,
    "tests": 1,
    "passes": 1,
    "pending": 0,
    "failures": 0,
    "start": "2023-11-07T14:57:11.143Z",
    "end": "2023-11-07T14:57:18.664Z",
    "duration": 7521,
    "testsRegistered": 1,
    "passPercent": 100,
    "pendingPercent": 0,
    "other": 0,
    "hasOther": false,
    "skipped": 0,
    "hasSkipped": false
  },
  "results": [
    {
      "uuid": "0c60242f-2891-4d10-ad21-918980a9a1a1",
      "title": "",
      "fullFile": "cypress/e2e/register.cy.js",
      "file": "cypress/e2e/register.cy.js",
      "beforeHooks": [],
      "afterHooks": [],
      "tests": [
        {
          "title": "Register with valid credentials",
          "fullTitle": "Register with valid credentials",
          "timedOut": null,
          "duration": 4724,
          "state": "passed",
          "speed": "fast",
          "pass": true,
          "fail": false,
          "pending": false,
          "context": "\"videos/register.cy.js.mp4\"",
          "code": "_register.default.open();\n_register.default.navigate();\n_register.default.getTitle().should('include', 'Sign up');\n_register.default.getHeading().should('have.text', 'Sign up');\n_register.default.getUsernameInputField().should('be.visible');\n_register.default.getEmailInputField().should('be.visible');\n_register.default.getPasswordInputField().should('be.visible');\n_register.default.fillInputs(randomUsername, randomEmail, randomPassword);\n_register.default.getUsernameInputField().should('have.value', randomUsername);\n_register.default.getEmailInputField().should('have.value', randomEmail);\n_register.default.getPasswordInputField().should('have.attr', 'type').and('eq', 'password');\n_register.default.register();\n_home.default.getTitle().should('include', 'Home');\n_home.default.getHomeLink().should('include.class', 'active');\n_home.default.getUsernameLink().should('include.text', randomUsername);",
          "err": {},
          "uuid": "28bedd3b-411b-48eb-afc8-f0c4a3203139",
          "parentUUID": "0c60242f-2891-4d10-ad21-918980a9a1a1",
          "isHook": false,
          "skipped": false
        }
      ],
      "suites": [],
      "passes": [
        "28bedd3b-411b-48eb-afc8-f0c4a3203139"
      ],
      "failures": [],
      "pending": [],
      "skipped": [],
      "duration": 4724,
      "root": true,
      "rootEmpty": false,
      "_timeout": 2000
    }
  ],
  "meta": {
    "mocha": {
      "version": "7.0.1"
    },
    "mochawesome": {
      "options": {
        "quiet": false,
        "reportFilename": "mochawesome",
        "saveHtml": false,
        "saveJson": true,
        "consoleReporter": "spec",
        "useInlineDiffs": false,
        "code": true
      },
      "version": "7.1.3"
    },
    "marge": {
      "options": {
        "id": "default",
        "reportDir": "cypress/results/json",
        "overwrite": false,
        "html": false,
        "json": true
      },
      "version": "6.2.0"
    }
  }
}