{
  "stats": {
    "suites": 1,
    "tests": 3,
    "passes": 1,
    "pending": 0,
    "failures": 2,
    "start": "2023-11-07T14:55:18.126Z",
    "end": "2023-11-07T14:55:59.299Z",
    "duration": 41173,
    "testsRegistered": 3,
    "passPercent": 33.33333333333333,
    "pendingPercent": 0,
    "other": 0,
    "hasOther": false,
    "skipped": 0,
    "hasSkipped": false
  },
  "results": [
    {
      "uuid": "5f30a1a0-6826-4203-8183-5e029da7642d",
      "title": "",
      "fullFile": "cypress/e2e/article.cy.js",
      "file": "cypress/e2e/article.cy.js",
      "beforeHooks": [],
      "afterHooks": [],
      "tests": [],
      "suites": [
        {
          "uuid": "6ccef52c-fced-4de0-9066-db1f61c9bcd3",
          "title": "Article Actions",
          "fullFile": "",
          "file": "",
          "beforeHooks": [],
          "afterHooks": [],
          "tests": [
            {
              "title": "Create an article",
              "fullTitle": "Article Actions Create an article",
              "timedOut": null,
              "duration": 15357,
              "state": "failed",
              "speed": null,
              "pass": false,
              "fail": true,
              "pending": false,
              "context": "\"videos/article.cy.js.mp4\"",
              "code": "_newArticle.default.navigate();\n_newArticle.default.getTitle('New Article');\n_newArticle.default.getNewArticleLink().should('include.class', 'active');\n_newArticle.default.fillInputs(articleTitle, articleDescription, articleText, tag);\n_newArticle.default.getArticleTitle().should('have.value', articleTitle);\n_newArticle.default.getArticleShortDescription().should('have.value', articleDescription);\n_newArticle.default.getArticleText().should('have.value', articleText);\n_newArticle.default.getTags().should('have.value', tag);\n_newArticle.default.publishArticle();\n_article.default.getTitle().should('include', articleTitle);\n_article.default.getArticleTitle().should('have.text', articleTitle);\n_article.default.getArticleText().should('have.text', articleText);\n_article.default.getArticleTag().should('have.text', tag);\n_article.default.goHome();\n_home.default.getHomeLink().should('include.class', 'active');\n_home.default.getTitle().should('include', 'Home');\n_home.default.goToGlobalFeed();\n_home.default.getGlobalFeed().should('include.class', 'active');\n_home.default.getLastArticleTitle().should('have.text', articleTitle);\n_home.default.getLastArticleShortDescription().should('have.text', articleDescription);\n_home.default.getLastArticleTag().should('have.text', tag);",
              "err": {
                "message": "AssertionError: Timed out retrying after 4000ms: Expected to find element: `.tag-list > li`, but never found it.",
                "estack": "AssertionError: Timed out retrying after 4000ms: Expected to find element: `.tag-list > li`, but never found it.\n    at Context.eval (webpack://cypress-task-3/./cypress/e2e/article.cy.js:44:36)",
                "diff": null
              },
              "uuid": "131f0aeb-9b29-4726-babe-61af28734d9f",
              "parentUUID": "6ccef52c-fced-4de0-9066-db1f61c9bcd3",
              "isHook": false,
              "skipped": false
            },
            {
              "title": "Edit an article",
              "fullTitle": "Article Actions Edit an article",
              "timedOut": null,
              "duration": 13260,
              "state": "failed",
              "speed": null,
              "pass": false,
              "fail": true,
              "pending": false,
              "context": "\"videos/article.cy.js.mp4\"",
              "code": "_home.default.goToProfile();\n_profile.default.getTitle().should(\"include\", validUserData[\"username\"]);\n_profile.default.getMyArticlesLink().should('include.class', 'active');\n_profile.default.readMore();\n_article.default.getTitle().should('include', articleTitle);\n_article.default.getEditButton().should('be.visible');\n_article.default.editArticle();\n_newArticle.default.getTitle('New Article');\n_newArticle.default.getNewArticleLink().should('include.class', 'active');\n_newArticle.default.getArticleTitle().should('have.value', articleTitle);\n_newArticle.default.getArticleShortDescription().should('have.value', articleDescription);\n_newArticle.default.getArticleText().should('have.value', articleText);\n_newArticle.default.getTags().should('have.value', tag);\n_newArticle.default.clearInputs();\n_newArticle.default.fillInputs(newArticleTitle, newArticleDescription, newArticleText, newTag);\n_newArticle.default.getArticleTitle().should('have.value', newArticleTitle);\n_newArticle.default.getArticleShortDescription().should('have.value', newArticleDescription);\n_newArticle.default.getArticleText().should('have.value', newArticleText);\n_newArticle.default.getTags().should('have.value', newTag);\n_newArticle.default.publishArticle();\n_article.default.getTitle().should('include', newArticleTitle);\n_article.default.getArticleTitle().should('have.text', newArticleTitle);\n_article.default.getArticleText().should('have.text', newArticleText);\n_article.default.getArticleTag().should('have.text', newTag);",
              "err": {
                "message": "AssertionError: Timed out retrying after 4000ms: expected '<input.form-control.ng-pristine.ng-untouched.ng-valid.ng-empty>' to have value 'mediocre', but the value was ''",
                "estack": "AssertionError: Timed out retrying after 4000ms: expected '<input.form-control.ng-pristine.ng-untouched.ng-valid.ng-empty>' to have value 'mediocre', but the value was ''\n    at Context.eval (webpack://cypress-task-3/./cypress/e2e/article.cy.js:72:33)",
                "diff": "+ 'mediocre'\n"
              },
              "uuid": "1109ee1b-dee9-4bca-836d-8c7c15a0370b",
              "parentUUID": "6ccef52c-fced-4de0-9066-db1f61c9bcd3",
              "isHook": false,
              "skipped": false
            },
            {
              "title": "Delete an article",
              "fullTitle": "Article Actions Delete an article",
              "timedOut": null,
              "duration": 9180,
              "state": "passed",
              "speed": "medium",
              "pass": true,
              "fail": false,
              "pending": false,
              "context": "\"videos/article.cy.js.mp4\"",
              "code": "_home.default.goToProfile();\n_profile.default.getTitle().should(\"include\", validUserData[\"username\"]);\n_profile.default.getMyArticlesLink().should('include.class', 'active');\n_profile.default.readMore();\n_article.default.getTitle().should('include', articleTitle);\n_article.default.getDeleteButton().should('be.visible');\n_article.default.deleteArticle();\n_home.default.getTitle().should('include', 'Home');\n_home.default.goToProfile();\n_profile.default.getLastArticleTitle().should(title => {\n  if (title.length > 0) {\n    expect(title).to.not.have.text(newArticleTitle);\n  }\n});",
              "err": {},
              "uuid": "4b679111-3f50-42c2-886f-35085a09dc81",
              "parentUUID": "6ccef52c-fced-4de0-9066-db1f61c9bcd3",
              "isHook": false,
              "skipped": false
            }
          ],
          "suites": [],
          "passes": [
            "4b679111-3f50-42c2-886f-35085a09dc81"
          ],
          "failures": [
            "131f0aeb-9b29-4726-babe-61af28734d9f",
            "1109ee1b-dee9-4bca-836d-8c7c15a0370b"
          ],
          "pending": [],
          "skipped": [],
          "duration": 37797,
          "root": false,
          "rootEmpty": false,
          "_timeout": 2000
        }
      ],
      "passes": [],
      "failures": [],
      "pending": [],
      "skipped": [],
      "duration": 0,
      "root": true,
      "rootEmpty": true,
      "_timeout": 2000
    }
  ],
  "meta": {
    "mocha": {
      "version": "7.0.1"
    },
    "mochawesome": {
      "options": {
        "quiet": false,
        "reportFilename": "mochawesome",
        "saveHtml": false,
        "saveJson": true,
        "consoleReporter": "spec",
        "useInlineDiffs": false,
        "code": true
      },
      "version": "7.1.3"
    },
    "marge": {
      "options": {
        "id": "default",
        "reportDir": "cypress/results/json",
        "overwrite": false,
        "html": false,
        "json": true
      },
      "version": "6.2.0"
    }
  }
}