{
  "stats": {
    "suites": 0,
    "tests": 1,
    "passes": 1,
    "pending": 0,
    "failures": 0,
    "start": "2023-11-07T14:57:01.550Z",
    "end": "2023-11-07T14:57:07.184Z",
    "duration": 5634,
    "testsRegistered": 1,
    "passPercent": 100,
    "pendingPercent": 0,
    "other": 0,
    "hasOther": false,
    "skipped": 0,
    "hasSkipped": false
  },
  "results": [
    {
      "uuid": "3f9e5897-b8b9-468b-a931-e6d027c5ac31",
      "title": "",
      "fullFile": "cypress/e2e/login.cy.js",
      "file": "cypress/e2e/login.cy.js",
      "beforeHooks": [],
      "afterHooks": [],
      "tests": [
        {
          "title": "Login with valid credentials",
          "fullTitle": "Login with valid credentials",
          "timedOut": null,
          "duration": 4516,
          "state": "passed",
          "speed": "fast",
          "pass": true,
          "fail": false,
          "pending": false,
          "context": "\"videos/login.cy.js.mp4\"",
          "code": "_login.default.open();\n_login.default.navigate();\n_login.default.getTitle().should('include', 'Sign in');\n_login.default.getHeading().should('have.text', 'Sign in');\n_login.default.getEmailInputField().should('be.visible');\n_login.default.getPasswordInputField().should('be.visible');\n_login.default.fillInputs(validUserData[\"email\"], validUserData[\"password\"]);\n_login.default.getEmailInputField().should('have.value', validUserData['email']);\n_login.default.getPasswordInputField().should('have.attr', 'type').and('eq', 'password');\n_login.default.login();\ncy.wait(1000);\n_home.default.getTitle().should('include', 'Home');\n_home.default.getHomeLink().should('include.class', 'active');\n_home.default.getUsernameLink().should('include.text', validUserData['username']);",
          "err": {},
          "uuid": "13e748bb-3eda-46b9-9f26-f8f273e1d295",
          "parentUUID": "3f9e5897-b8b9-468b-a931-e6d027c5ac31",
          "isHook": false,
          "skipped": false
        }
      ],
      "suites": [],
      "passes": [
        "13e748bb-3eda-46b9-9f26-f8f273e1d295"
      ],
      "failures": [],
      "pending": [],
      "skipped": [],
      "duration": 4516,
      "root": true,
      "rootEmpty": false,
      "_timeout": 2000
    }
  ],
  "meta": {
    "mocha": {
      "version": "7.0.1"
    },
    "mochawesome": {
      "options": {
        "quiet": false,
        "reportFilename": "mochawesome",
        "saveHtml": false,
        "saveJson": true,
        "consoleReporter": "spec",
        "useInlineDiffs": false,
        "code": true
      },
      "version": "7.1.3"
    },
    "marge": {
      "options": {
        "id": "default",
        "reportDir": "cypress/results/json",
        "overwrite": false,
        "html": false,
        "json": true
      },
      "version": "6.2.0"
    }
  }
}