{
  "stats": {
    "suites": 0,
    "tests": 1,
    "passes": 1,
    "pending": 0,
    "failures": 0,
    "start": "2023-11-07T14:57:22.615Z",
    "end": "2023-11-07T14:57:33.694Z",
    "duration": 11079,
    "testsRegistered": 1,
    "passPercent": 100,
    "pendingPercent": 0,
    "other": 0,
    "hasOther": false,
    "skipped": 0,
    "hasSkipped": false
  },
  "results": [
    {
      "uuid": "645238db-272f-48e7-889a-39fa42707a77",
      "title": "",
      "fullFile": "cypress/e2e/settings.cy.js",
      "file": "cypress/e2e/settings.cy.js",
      "beforeHooks": [],
      "afterHooks": [],
      "tests": [
        {
          "title": "Change the password",
          "fullTitle": "Change the password",
          "timedOut": null,
          "duration": 8222,
          "state": "passed",
          "speed": "medium",
          "pass": true,
          "fail": false,
          "pending": false,
          "context": "\"videos/settings.cy.js.mp4\"",
          "code": "_login.default.open();\n_login.default.navigate();\n_login.default.fillInputs(validUserData['email'], validUserData['password']);\n_login.default.login();\n_settings.default.navigate();\n_settings.default.getTitle().should('include', 'Settings');\n_settings.default.getHeading().should('have.text', 'Your Settings');\n_settings.default.getNewPasswordInputField().should('be.visible').and('be.empty');\n_settings.default.enterNewPassword(newPassword);\n_settings.default.getNewPasswordInputField().should('have.attr', 'type').and('eq', 'password');\nvalidUserData[\"password\"] = newPassword;\ncy.writeFile('cypress/fixtures/validUser.json', JSON.stringify(validUserData, null, 2));\n_settings.default.updateSettings();\n_profile.default.getTitle().should(\"include\", validUserData[\"username\"]);\n_profile.default.getHeading().should(\"have.text\", validUserData[\"username\"]);\n_settings.default.navigate();\n_settings.default.getTitle().should(\"include\", \"Settings\");\n_settings.default.getUsernameInputfield().should('have.value', validUserData[\"username\"]);\n_settings.default.getEmailInputField().should('have.value', validUserData[\"email\"]);\n_settings.default.getLogOutButton().should('be.visible');\n_settings.default.logOut();\n_home.default.getTitle().should('include', 'Home');\n_home.default.getSignInLink().should('be.visible');\n_login.default.navigate();\n_login.default.getTitle().should('include', 'Sign in');\n_login.default.getEmailInputField().should('be.visible');\n_login.default.getPasswordInputField().should('be.visible');\n_login.default.fillInputs(validUserData['email'], newPassword);\n_login.default.login();\n_home.default.getTitle().should('include', 'Home');\n_home.default.getUsernameLink().should('include.text', validUserData[\"username\"]);",
          "err": {},
          "uuid": "b2905a94-5f74-4132-a55c-177f9a62faef",
          "parentUUID": "645238db-272f-48e7-889a-39fa42707a77",
          "isHook": false,
          "skipped": false
        }
      ],
      "suites": [],
      "passes": [
        "b2905a94-5f74-4132-a55c-177f9a62faef"
      ],
      "failures": [],
      "pending": [],
      "skipped": [],
      "duration": 8222,
      "root": true,
      "rootEmpty": false,
      "_timeout": 2000
    }
  ],
  "meta": {
    "mocha": {
      "version": "7.0.1"
    },
    "mochawesome": {
      "options": {
        "quiet": false,
        "reportFilename": "mochawesome",
        "saveHtml": false,
        "saveJson": true,
        "consoleReporter": "spec",
        "useInlineDiffs": false,
        "code": true
      },
      "version": "7.1.3"
    },
    "marge": {
      "options": {
        "id": "default",
        "reportDir": "cypress/results/json",
        "overwrite": false,
        "html": false,
        "json": true
      },
      "version": "6.2.0"
    }
  }
}